Arguments: 
  /home/stephane/.nvm/versions/node/v6.11.0/bin/node /usr/share/yarn/bin/yarn.js

PATH: 
  /home/stephane/.nvm/versions/node/v6.11.0/bin:/usr/local/sbin:/usr/local/bin:/usr/sbin:/usr/bin:/sbin:/bin:/usr/games:/usr/local/games:/snap/bin:/usr/lib/jvm/java-8-oracle/bin:/usr/lib/jvm/java-8-oracle/db/bin:/usr/lib/jvm/java-8-oracle/jre/bin

Yarn version: 
  1.3.2

Node version: 
  6.11.0

Platform: 
  linux x64

npm manifest: 
  {
    "name": "root",
    "version": "0.0.1",
    "private": true,
    "workspaces": {
      "packages": [
        "packages/*"
      ]
    },
    "scripts": {
      "web:start": "yarn workspace web start",
      "mobile:android:run": "yarn workspace mobile android:run"
    }
  }

yarn manifest: 
  No manifest

Lockfile: 
  No lockfile

Trace: 
  TypeError: patterns.map is not a function
      at /usr/share/yarn/lib/cli.js:54024:78
      at next (native)
      at step (/usr/share/yarn/lib/cli.js:92:30)
      at /usr/share/yarn/lib/cli.js:110:14
      at Promise.F (/usr/share/yarn/lib/cli.js:29389:28)
      at /usr/share/yarn/lib/cli.js:89:12
      at Config.resolveWorkspaces (/usr/share/yarn/lib/cli.js:54060:7)
      at /usr/share/yarn/lib/cli.js:21998:49
      at next (native)
      at step (/usr/share/yarn/lib/cli.js:92:30)
